#
# A fatal error has been detected by the Java Runtime Environment:
#
#  SIGSEGV (0xb) at pc=0x000000010ba6789e, pid=4626, tid=0x0000000000002603
#
# JRE version: OpenJDK Runtime Environment (8.0_112-b05) (build 1.8.0_112-release-b05)
# Java VM: OpenJDK 64-Bit Server VM (25.112-b05 mixed mode bsd-amd64 compressed oops)
# Problematic frame:
# V  [libjvm.dylib+0x48c89e]  ParCompactionManager::follow_marking_stacks()+0xae
#
# Failed to write core dump. Core dumps have been disabled. To enable core dumping, try "ulimit -c unlimited" before starting Java again
#
# If you would like to submit a bug report, please visit:
#   http://bugreport.java.com/bugreport/crash.jsp
#

---------------  T H R E A D  ---------------

Current thread (0x00007f8f6200f000):  GCTaskThread [stack: 0x000070000021d000,0x000070000031d000] [id=9731]

siginfo: si_signo: 11 (SIGSEGV), si_code: 0 (unknown), si_addr: 0x0000000000000000

Registers:
RAX=0x000000011f209550, RBX=0x00007f8f61c21890, RCX=0x0000000000001e03, RDX=0x000000076173be68
RSP=0x000070000031cc60, RBP=0x000070000031cce0, RSI=0x00007f8f61c21890, RDI=0x00000007c0008fb8
R8 =0x000000000000002e, R9 =0x000000000000a27f, R10=0x000a005002801401, R11=0x0040000000000000
R12=0x000000076173be68, R13=0x000000010bbb4999, R14=0x00007f8f61c21898, R15=0x000000010bdbfd60
RIP=0x000000010ba6789e, EFLAGS=0x0000000000010206, ERR=0x0000000000000000
  TRAPNO=0x000000000000000d

Top of Stack: (sp=0x000070000031cc60)
0x000070000031cc60:   00007f8f62004600 00007f8f61c218d0
0x000070000031cc70:   00007f8f61c21918 00007f8f61c21950
0x000070000031cc80:   000070000031ccb0 000000010b8901ab
0x000070000031cc90:   000000076173be68 000070000031cd88
0x000070000031cca0:   0000000000000078 000000010be7c3b0
0x000070000031ccb0:   000070000031cce0 00007f8f61c21890
0x000070000031ccc0:   0000000000000000 000000010bbb4999
0x000070000031ccd0:   000070000031cd88 0000000000000001
0x000070000031cce0:   000070000031cdb0 000000010ba5a42f
0x000070000031ccf0:   0000000000000000 0000000100000000
0x000070000031cd00:   00007f8f61c1e868 0bdabf0000000000
0x000070000031cd10:   0000000000000000 0000000000000000
0x000070000031cd20:   0000000000000000 00007f8f61c1e884
0x000070000031cd30:   000070000031cd80 00007f8f61c1e800
0x000070000031cd40:   0000000000000000 000000010bb934f0
0x000070000031cd50:   00007f8f61c1e828 0000000000000003
0x000070000031cd60:   000070000031cd80 000000010ba32aba
0x000070000031cd70:   000000010be55ed0 00007f8f61c1c800
0x000070000031cd80:   000070000031cd88 000000010be55ea0
0x000070000031cd90:   000070000031cd00 00007f8f61c21890
0x000070000031cda0:   00007f8f6200f000 00007f8f61c1f8f0
0x000070000031cdb0:   000070000031ce90 000000010b848c37
0x000070000031cdc0:   000070000031cdf0 00007f8f61c1cbb0
0x000070000031cdd0:   00007f8f61c1cbe0 00007f8f61c1cbf0
0x000070000031cde0:   00007f8f61c1cfc8 00000000000003d8
0x000070000031cdf0:   00007f8f6200f000 00007f8f61c1cfd0
0x000070000031ce00:   00007f8f61c1d010 00007f8f61c1d020
0x000070000031ce10:   00007f8f61c1d0f8 00000000000000d8
0x000070000031ce20:   000070000031ce30 0000000000000000
0x000070000031ce30:   00007f8f6200f000 00007f8f61c1cfd0
0x000070000031ce40:   00007f8f61c1d010 00007f8f61c1d020
0x000070000031ce50:   00007f8f61c1d0f8 00000000000000d8 

Instructions: (pc=0x000000010ba6789e)
0x000000010ba6787e:   11 41 8a 4f 08 41 8b 7c 24 08 48 d3 e7 49 03 3f
0x000000010ba6788e:   eb 05 49 8b 7c 24 08 48 8b 07 48 89 de 4c 89 e2
0x000000010ba6789e:   ff 90 20 01 00 00 8b 43 08 89 c1 2b 4b 10 f7 c1
0x000000010ba678ae:   ff ff 01 00 74 73 05 ff ff 01 00 89 c6 81 e6 ff 

Register to memory mapping:

RAX={method} {0x000000011f209550} 'getAnnotation' '(Ljava/lang/Class;)Ljava/lang/annotation/Annotation;' in 'java/lang/reflect/Constructor'
RBX=0x00007f8f61c21890 is an unknown value
RCX=0x0000000000001e03 is an unknown value
RDX=0x000000076173be68 is an oop

[error occurred during error reporting (printing register info), id 0xb]

Stack: [0x000070000021d000,0x000070000031d000],  sp=0x000070000031cc60,  free space=1023k
Native frames: (J=compiled Java code, j=interpreted, Vv=VM code, C=native code)
V  [libjvm.dylib+0x48c89e]  ParCompactionManager::follow_marking_stacks()+0xae
V  [libjvm.dylib+0x47f42f]  MarkFromRootsTask::do_it(GCTaskManager*, unsigned int)+0x1b9
V  [libjvm.dylib+0x26dc37]  GCTaskThread::run()+0x1a1
V  [libjvm.dylib+0x45bf0a]  java_start(Thread*)+0xf6
C  [libsystem_pthread.dylib+0x399d]  _pthread_body+0x83
C  [libsystem_pthread.dylib+0x391a]  _pthread_body+0x0
C  [libsystem_pthread.dylib+0x1351]  thread_start+0xd


---------------  P R O C E S S  ---------------

Java Threads: ( => current thread )
  0x00007f8f64f5f800 JavaThread "pool-49-thread-4" [_thread_blocked, id=68623, stack(0x0000700006034000,0x0000700006134000)]
  0x00007f8f64c72800 JavaThread "pool-49-thread-3" [_thread_blocked, id=66579, stack(0x0000700005f31000,0x0000700006031000)]
  0x00007f8f6251e800 JavaThread "pool-49-thread-2" [_thread_blocked, id=68111, stack(0x0000700005e2e000,0x0000700005f2e000)]
  0x00007f8f6251d800 JavaThread "pool-50-thread-1" [_thread_blocked, id=67603, stack(0x0000700005d00000,0x0000700005e00000)]
  0x00007f8f6555b800 JavaThread "pool-49-thread-1" [_thread_blocked, id=66839, stack(0x00007000036bc000,0x00007000037bc000)]
  0x00007f8f64a33000 JavaThread "pool-46-thread-4" [_thread_blocked, id=70407, stack(0x0000700006543000,0x0000700006643000)]
  0x00007f8f64a32000 JavaThread "pool-46-thread-3" [_thread_blocked, id=71175, stack(0x0000700006440000,0x0000700006540000)]
  0x00007f8f62e49000 JavaThread "pool-46-thread-2" [_thread_blocked, id=70663, stack(0x000070000633d000,0x000070000643d000)]
  0x00007f8f648aa800 JavaThread "pool-47-thread-1" [_thread_blocked, id=69135, stack(0x000070000623a000,0x000070000633a000)]
  0x00007f8f63333000 JavaThread "pool-46-thread-1" [_thread_blocked, id=69643, stack(0x0000700006137000,0x0000700006237000)]
  0x00007f8f63878000 JavaThread "process reaper" daemon [_thread_blocked, id=67075, stack(0x0000700005e03000,0x0000700005e2b000)]
  0x00007f8f6396d000 JavaThread "stdout" daemon [_thread_in_native, id=66051, stack(0x0000700005bfd000,0x0000700005cfd000)]
  0x00007f8f6396c800 JavaThread "stderr" daemon [_thread_in_native, id=65539, stack(0x0000700005afa000,0x0000700005bfa000)]
  0x00007f8f656bc800 JavaThread "stdout" daemon [_thread_in_native, id=65027, stack(0x00007000059f7000,0x0000700005af7000)]
  0x00007f8f6396b800 JavaThread "stderr" daemon [_thread_in_native, id=64515, stack(0x00007000058f4000,0x00007000059f4000)]
  0x00007f8f6380d000 JavaThread "stdout" daemon [_thread_in_native, id=64003, stack(0x00007000057f1000,0x00007000058f1000)]
  0x00007f8f6380c000 JavaThread "stderr" daemon [_thread_in_native, id=63491, stack(0x00007000056ee000,0x00007000057ee000)]
  0x00007f8f6380b800 JavaThread "process reaper" daemon [_thread_in_native, id=62979, stack(0x00007000056c3000,0x00007000056eb000)]
  0x00007f8f656bc000 JavaThread "process reaper" daemon [_thread_in_native, id=62467, stack(0x0000700005698000,0x00007000056c0000)]
  0x00007f8f656bb000 JavaThread "stdout" daemon [_thread_in_native, id=61955, stack(0x0000700005595000,0x0000700005695000)]
  0x00007f8f656ba800 JavaThread "stderr" daemon [_thread_in_native, id=61443, stack(0x0000700005492000,0x0000700005592000)]
  0x00007f8f6380a800 JavaThread "process reaper" daemon [_thread_in_native, id=60931, stack(0x0000700005467000,0x000070000548f000)]
  0x00007f8f63c95000 JavaThread "stdout" daemon [_thread_in_native, id=60419, stack(0x0000700005364000,0x0000700005464000)]
  0x00007f8f63c94800 JavaThread "stderr" daemon [_thread_in_native, id=59907, stack(0x0000700005261000,0x0000700005361000)]
  0x00007f8f63c93800 JavaThread "process reaper" daemon [_thread_in_native, id=59395, stack(0x0000700005236000,0x000070000525e000)]
  0x00007f8f63c93000 JavaThread "stdout" daemon [_thread_in_native, id=58883, stack(0x0000700005133000,0x0000700005233000)]
  0x00007f8f64dc6800 JavaThread "stderr" daemon [_thread_in_native, id=58371, stack(0x0000700005030000,0x0000700005130000)]
  0x00007f8f65138000 JavaThread "process reaper" daemon [_thread_in_native, id=57859, stack(0x0000700005005000,0x000070000502d000)]
  0x00007f8f64dc5800 JavaThread "stdout" daemon [_thread_in_native, id=57347, stack(0x0000700004f02000,0x0000700005002000)]
  0x00007f8f64dc5000 JavaThread "stderr" daemon [_thread_in_native, id=56835, stack(0x0000700004dff000,0x0000700004eff000)]
  0x00007f8f64dc4000 JavaThread "process reaper" daemon [_thread_in_native, id=56323, stack(0x0000700004dd4000,0x0000700004dfc000)]
  0x00007f8f65137800 JavaThread "stdout" daemon [_thread_in_native, id=55811, stack(0x0000700004cd1000,0x0000700004dd1000)]
  0x00007f8f63c51000 JavaThread "stderr" daemon [_thread_in_native, id=55299, stack(0x0000700004bce000,0x0000700004cce000)]
  0x00007f8f65136800 JavaThread "process reaper" daemon [_thread_in_native, id=54787, stack(0x0000700004ba3000,0x0000700004bcb000)]
  0x00007f8f63c50000 JavaThread "stdout" daemon [_thread_in_native, id=54275, stack(0x0000700004aa0000,0x0000700004ba0000)]
  0x00007f8f65136000 JavaThread "stderr" daemon [_thread_in_native, id=53763, stack(0x000070000499d000,0x0000700004a9d000)]
  0x00007f8f65135000 JavaThread "process reaper" daemon [_thread_in_native, id=53251, stack(0x0000700004972000,0x000070000499a000)]
  0x00007f8f65134800 JavaThread "stdout" daemon [_thread_in_native, id=52739, stack(0x000070000486f000,0x000070000496f000)]
  0x00007f8f65133800 JavaThread "stderr" daemon [_thread_in_native, id=52227, stack(0x000070000476c000,0x000070000486c000)]
  0x00007f8f63c4f800 JavaThread "process reaper" daemon [_thread_in_native, id=51715, stack(0x0000700004741000,0x0000700004769000)]
  0x00007f8f63c4e800 JavaThread "stdout" daemon [_thread_in_native, id=51203, stack(0x000070000463e000,0x000070000473e000)]
  0x00007f8f63ca1000 JavaThread "stderr" daemon [_thread_in_native, id=50691, stack(0x000070000453b000,0x000070000463b000)]
  0x00007f8f63ca0800 JavaThread "process reaper" daemon [_thread_in_native, id=50179, stack(0x0000700004510000,0x0000700004538000)]
  0x00007f8f65133000 JavaThread "stdout" daemon [_thread_in_native, id=49667, stack(0x000070000440d000,0x000070000450d000)]
  0x00007f8f65228000 JavaThread "stderr" daemon [_thread_in_native, id=49155, stack(0x000070000430a000,0x000070000440a000)]
  0x00007f8f65227800 JavaThread "process reaper" daemon [_thread_in_native, id=48643, stack(0x00007000042df000,0x0000700004307000)]
  0x00007f8f63c9f800 JavaThread "stdout" daemon [_thread_in_native, id=48131, stack(0x00007000041dc000,0x00007000042dc000)]
  0x00007f8f63c9f000 JavaThread "stderr" daemon [_thread_in_native, id=47619, stack(0x00007000040d9000,0x00007000041d9000)]
  0x00007f8f63c90800 JavaThread "process reaper" daemon [_thread_in_native, id=47107, stack(0x00007000040ae000,0x00007000040d6000)]
  0x00007f8f63c8f800 JavaThread "process reaper" daemon [_thread_in_native, id=46595, stack(0x0000700004083000,0x00007000040ab000)]
  0x00007f8f63c8f000 JavaThread "stdout" daemon [_thread_in_native, id=46083, stack(0x0000700003f80000,0x0000700004080000)]
  0x00007f8f64ce3800 JavaThread "stderr" daemon [_thread_in_native, id=45571, stack(0x0000700003e7d000,0x0000700003f7d000)]
  0x00007f8f64ce2800 JavaThread "process reaper" daemon [_thread_in_native, id=45059, stack(0x0000700003e52000,0x0000700003e7a000)]
  0x00007f8f64ce2000 JavaThread "stdout" daemon [_thread_in_native, id=44547, stack(0x0000700003d4f000,0x0000700003e4f000)]
  0x00007f8f63ab6000 JavaThread "stderr" daemon [_thread_in_native, id=44035, stack(0x0000700003c4c000,0x0000700003d4c000)]
  0x00007f8f63ab5000 JavaThread "process reaper" daemon [_thread_in_native, id=43523, stack(0x0000700003c21000,0x0000700003c49000)]
  0x00007f8f64984800 JavaThread "stdout" daemon [_thread_in_native, id=43011, stack(0x0000700003b1e000,0x0000700003c1e000)]
  0x00007f8f656c5800 JavaThread "stderr" daemon [_thread_in_native, id=42499, stack(0x0000700003a1b000,0x0000700003b1b000)]
  0x00007f8f62f3f000 JavaThread "process reaper" daemon [_thread_in_native, id=41987, stack(0x00007000039f0000,0x0000700003a18000)]
  0x00007f8f65046800 JavaThread "stdout" daemon [_thread_in_native, id=41475, stack(0x00007000038ed000,0x00007000039ed000)]
  0x00007f8f65045800 JavaThread "stderr" daemon [_thread_in_native, id=40963, stack(0x00007000037ea000,0x00007000038ea000)]
  0x00007f8f62725800 JavaThread "process reaper" daemon [_thread_in_native, id=40451, stack(0x00007000037bf000,0x00007000037e7000)]
  0x00007f8f62f5e000 JavaThread "png-cruncher_20" daemon [_thread_blocked, id=39427, stack(0x00007000035b9000,0x00007000036b9000)]
  0x00007f8f62f5d800 JavaThread "png-cruncher_19" daemon [_thread_blocked, id=38915, stack(0x00007000034b6000,0x00007000035b6000)]
  0x00007f8f650ea000 JavaThread "png-cruncher_18" daemon [_thread_blocked, id=38403, stack(0x00007000033b3000,0x00007000034b3000)]
  0x00007f8f62e07800 JavaThread "png-cruncher_17" daemon [_thread_blocked, id=37891, stack(0x00007000032b0000,0x00007000033b0000)]
  0x00007f8f64a4f000 JavaThread "png-cruncher_16" daemon [_thread_blocked, id=37379, stack(0x00007000031ad000,0x00007000032ad000)]
  0x00007f8f62b15000 JavaThread "png-cruncher_15" daemon [_thread_blocked, id=36867, stack(0x00007000030aa000,0x00007000031aa000)]
  0x00007f8f65789000 JavaThread "png-cruncher_14" daemon [_thread_blocked, id=36355, stack(0x0000700002fa7000,0x00007000030a7000)]
  0x00007f8f65788000 JavaThread "stdout" daemon [_thread_in_native, id=35843, stack(0x0000700002ea4000,0x0000700002fa4000)]
  0x00007f8f65787800 JavaThread "stderr" daemon [_thread_in_native, id=35331, stack(0x0000700002da1000,0x0000700002ea1000)]
  0x00007f8f65786800 JavaThread "stdout" daemon [_thread_in_native, id=34819, stack(0x0000700002c9e000,0x0000700002d9e000)]
  0x00007f8f65786000 JavaThread "stderr" daemon [_thread_in_native, id=34307, stack(0x0000700002b9b000,0x0000700002c9b000)]
  0x00007f8f63efc000 JavaThread "stdout" daemon [_thread_in_native, id=33795, stack(0x0000700002a98000,0x0000700002b98000)]
  0x00007f8f64895000 JavaThread "stderr" daemon [_thread_in_native, id=33283, stack(0x0000700002995000,0x0000700002a95000)]
  0x00007f8f65785000 JavaThread "png-cruncher_13" daemon [_thread_blocked, id=32771, stack(0x0000700002892000,0x0000700002992000)]
  0x00007f8f65784800 JavaThread "png-cruncher_12" daemon [_thread_blocked, id=32259, stack(0x000070000278f000,0x000070000288f000)]
  0x00007f8f65783800 JavaThread "process reaper" daemon [_thread_in_native, id=31747, stack(0x00007000000ed000,0x0000700000115000)]
  0x00007f8f65047800 JavaThread "process reaper" daemon [_thread_in_native, id=31235, stack(0x00007000000c2000,0x00007000000ea000)]
  0x00007f8f65045000 JavaThread "process reaper" daemon [_thread_in_native, id=30723, stack(0x0000700000097000,0x00007000000bf000)]
  0x00007f8f65044000 JavaThread "png-cruncher_11" daemon [_thread_blocked, id=30211, stack(0x000070000268c000,0x000070000278c000)]
  0x00007f8f6486c000 JavaThread "png-cruncher_10" daemon [_thread_blocked, id=29699, stack(0x0000700002589000,0x0000700002689000)]
  0x00007f8f64af8000 JavaThread "png-cruncher_9" daemon [_thread_blocked, id=29187, stack(0x0000700002486000,0x0000700002586000)]
  0x00007f8f65043800 JavaThread "png-cruncher_8" daemon [_thread_blocked, id=28675, stack(0x0000700002383000,0x0000700002483000)]
  0x00007f8f65042800 JavaThread "png-cruncher_7" daemon [_thread_blocked, id=28163, stack(0x0000700002280000,0x0000700002380000)]
  0x00007f8f638df800 JavaThread "png-cruncher_6" daemon [_thread_blocked, id=27651, stack(0x000070000217d000,0x000070000227d000)]
  0x00007f8f65042000 JavaThread "png-cruncher_5" daemon [_thread_blocked, id=27139, stack(0x000070000207a000,0x000070000217a000)]
  0x00007f8f63997800 JavaThread "png-cruncher_4" daemon [_thread_blocked, id=25623, stack(0x0000700001f77000,0x0000700002077000)]
  0x00007f8f65041000 JavaThread "png-cruncher_3" daemon [_thread_blocked, id=25115, stack(0x0000700001e74000,0x0000700001f74000)]
  0x00007f8f6271e000 JavaThread "png-cruncher_2" daemon [_thread_blocked, id=26135, stack(0x0000700001d71000,0x0000700001e71000)]
  0x00007f8f6271d800 JavaThread "png-cruncher_1" daemon [_thread_blocked, id=20511, stack(0x0000700001c6e000,0x0000700001d6e000)]
  0x00007f8f63eff800 JavaThread "pool-30-thread-2" [_thread_blocked, id=26639, stack(0x0000700001b6b000,0x0000700001c6b000)]
  0x00007f8f63abf800 JavaThread "pool-30-thread-1" [_thread_blocked, id=21539, stack(0x0000700001862000,0x0000700001962000)]
  0x00007f8f64c7f000 JavaThread "Stdin handler" [_thread_blocked, id=23067, stack(0x0000700001456000,0x0000700001556000)]
  0x00007f8f6268f000 JavaThread "Asynchronous log dispatcher for org.gradle.launcher.daemon.server.DefaultDaemonConnection@6150e8fd" [_thread_blocked, id=23579, stack(0x0000700001353000,0x0000700001453000)]
  0x00007f8f652b3000 JavaThread "Daemon worker Thread 7" [_thread_blocked, id=24607, stack(0x0000700001250000,0x0000700001350000)]
  0x00007f8f64977800 JavaThread "Cancel handler" [_thread_blocked, id=12835, stack(0x000070000114d000,0x000070000124d000)]
  0x00007f8f62dc6000 JavaThread "Handler for socket connection from /127.0.0.1:65062 to /127.0.0.1:54560" [_thread_in_native, id=19483, stack(0x0000700000f47000,0x0000700001047000)]
  0x00007f8f629dc800 JavaThread "Daemon Thread 7" [_thread_blocked, id=18971, stack(0x0000700000e44000,0x0000700000f44000)]
  0x00007f8f62dc4800 JavaThread "pool-5-thread-4" [_thread_blocked, id=24095, stack(0x0000700001a68000,0x0000700001b68000)]
  0x00007f8f65642800 JavaThread "pool-5-thread-3" [_thread_blocked, id=21015, stack(0x000070000165c000,0x000070000175c000)]
  0x00007f8f64e20800 JavaThread "pool-5-thread-2" [_thread_blocked, id=22039, stack(0x0000700001965000,0x0000700001a65000)]
  0x00007f8f650e3000 JavaThread "pool-5-thread-1" [_thread_blocked, id=22543, stack(0x000070000175f000,0x000070000185f000)]
  0x00007f8f62b61800 JavaThread "pool-2-thread-1" [_thread_blocked, id=4871, stack(0x0000700001559000,0x0000700001659000)]
  0x00007f8f62766000 JavaThread "File lock request listener" [_thread_in_native, id=12555, stack(0x000070000072c000,0x000070000082c000)]
  0x00007f8f62dcd000 JavaThread "pool-1-thread-1" [_thread_blocked, id=19971, stack(0x000070000104a000,0x000070000114a000)]
  0x00007f8f623ae000 JavaThread "Incoming local TCP Connector on port 65062" [_thread_in_native, id=18435, stack(0x0000700000d41000,0x0000700000e41000)]
  0x00007f8f62839000 JavaThread "Service Thread" daemon [_thread_blocked, id=17411, stack(0x0000700000b3b000,0x0000700000c3b000)]
  0x00007f8f62029000 JavaThread "C1 CompilerThread1" daemon [_thread_blocked, id=16899, stack(0x0000700000a38000,0x0000700000b38000)]
  0x00007f8f62871800 JavaThread "C2 CompilerThread0" daemon [_thread_blocked, id=16387, stack(0x0000700000935000,0x0000700000a35000)]
  0x00007f8f62834000 JavaThread "Signal Dispatcher" daemon [_thread_blocked, id=15875, stack(0x0000700000832000,0x0000700000932000)]
  0x00007f8f6200b000 JavaThread "Finalizer" daemon [_thread_blocked, id=11779, stack(0x0000700000629000,0x0000700000729000)]
  0x00007f8f6285f800 JavaThread "Reference Handler" daemon [_thread_blocked, id=11267, stack(0x0000700000526000,0x0000700000626000)]
  0x00007f8f62806800 JavaThread "main" [_thread_blocked, id=6403, stack(0x000070000011a000,0x000070000021a000)]

Other Threads:
  0x00007f8f6200a800 VMThread [stack: 0x0000700000423000,0x0000700000523000] [id=10755]
  0x00007f8f62894800 WatcherThread [stack: 0x0000700000c3e000,0x0000700000d3e000] [id=17923]

=>0x00007f8f6200f000 (exited) GCTaskThread [stack: 0x000070000021d000,0x000070000031d000] [id=9731]

VM state:at safepoint (normal execution)

VM Mutex/Monitor currently owned by a thread:  ([mutex/lock_event])
[0x00007f8f61d019d0] Threads_lock - owner thread: 0x00007f8f6200a800
[0x00007f8f61d01ed0] Heap_lock - owner thread: 0x00007f8f62e49000

Heap:
 PSYoungGen      total 341504K, used 25075K [0x00000007a0000000, 0x00000007bd300000, 0x00000007c0000000)
  eden space 316416K, 0% used [0x00000007a0000000,0x00000007a0000000,0x00000007b3500000)
  from space 25088K, 99% used [0x00000007b3500000,0x00000007b4d7cd78,0x00000007b4d80000)
  to   space 41472K, 0% used [0x00000007baa80000,0x00000007baa80000,0x00000007bd300000)
 ParOldGen       total 82944K, used 82801K [0x0000000760000000, 0x0000000765100000, 0x00000007a0000000)
  object space 82944K, 99% used [0x0000000760000000,0x00000007650dc6b8,0x0000000765100000)
 Metaspace       used 68848K, capacity 71886K, committed 72192K, reserved 1112064K
  class space    used 8660K, capacity 9149K, committed 9216K, reserved 1048576K

Card table byte_map: [0x000000011b9c0000,0x000000011bcc1000] byte_map_base: 0x0000000117ec0000

Marking Bits: (ParMarkBitMap*) 0x000000010be66ed0
 Begin Bits: [0x000000011bec1000, 0x000000011d6c1000)
 End Bits:   [0x000000011d6c1000, 0x000000011eec1000)

Polling page: 0x000000010c117000

CodeCache: size=245760Kb used=39004Kb max_used=39004Kb free=206755Kb
 bounds [0x000000010c600000, 0x000000010ec60000, 0x000000011b600000]
 total_blobs=14249 nmethods=13501 adapters=661
 compilation: enabled

Compilation events (10 events):
Event: 1119.579 Thread 0x00007f8f62029000 nmethod 16648 0x000000010ec54b50 code [0x000000010ec54cc0, 0x000000010ec54e48]
Event: 1119.579 Thread 0x00007f8f62029000 16649       2       com.android.dx.cf.direct.DirectClassFile::getMagic0 (9 bytes)
Event: 1119.579 Thread 0x00007f8f62029000 nmethod 16649 0x000000010ec54f10 code [0x000000010ec55080, 0x000000010ec55208]
Event: 1119.579 Thread 0x00007f8f62029000 16650       2       com.android.dx.cf.direct.DirectClassFile::getFields (9 bytes)
Event: 1119.579 Thread 0x00007f8f62029000 nmethod 16650 0x000000010ec552d0 code [0x000000010ec55440, 0x000000010ec555c8]
Event: 1119.579 Thread 0x00007f8f62029000 16658       2       com.android.dx.rop.cst.StdConstantPool::size (6 bytes)
Event: 1119.580 Thread 0x00007f8f62029000 nmethod 16658 0x000000010ec55690 code [0x000000010ec557e0, 0x000000010ec55930]
Event: 1119.580 Thread 0x00007f8f62029000 16675       2       com.android.dx.rop.cst.CstLong::getType (4 bytes)
Event: 1119.580 Thread 0x00007f8f62029000 nmethod 16675 0x000000010ec559d0 code [0x000000010ec55b20, 0x000000010ec55c70]
Event: 1119.580 Thread 0x00007f8f62029000 16639       2       com.android.dx.cf.direct.StdAttributeFactory::sourceFile (94 bytes)

GC Heap History (10 events):
Event: 1011.079 GC heap after
Heap after GC invocations=27 (full 6):
 PSYoungGen      total 295936K, used 7518K [0x00000007a0000000, 0x00000007b4780000, 0x00000007c0000000)
  eden space 279040K, 0% used [0x00000007a0000000,0x00000007a0000000,0x00000007b1080000)
  from space 16896K, 44% used [0x00000007b1080000,0x00000007b17d7b58,0x00000007b2100000)
  to   space 15872K, 0% used [0x00000007b3800000,0x00000007b3800000,0x00000007b4780000)
 ParOldGen       total 81920K, used 34024K [0x0000000760000000, 0x0000000765000000, 0x00000007a0000000)
  object space 81920K, 41% used [0x0000000760000000,0x000000076213a338,0x0000000765000000)
 Metaspace       used 65845K, capacity 68320K, committed 68480K, reserved 1110016K
  class space    used 8376K, capacity 8780K, committed 8832K, reserved 1048576K
}
Event: 1089.979 GC heap before
{Heap before GC invocations=28 (full 6):
 PSYoungGen      total 295936K, used 286558K [0x00000007a0000000, 0x00000007b4780000, 0x00000007c0000000)
  eden space 279040K, 100% used [0x00000007a0000000,0x00000007b1080000,0x00000007b1080000)
  from space 16896K, 44% used [0x00000007b1080000,0x00000007b17d7b58,0x00000007b2100000)
  to   space 15872K, 0% used [0x00000007b3800000,0x00000007b3800000,0x00000007b4780000)
 ParOldGen       total 81920K, used 34024K [0x0000000760000000, 0x0000000765000000, 0x00000007a0000000)
  object space 81920K, 41% used [0x0000000760000000,0x000000076213a338,0x0000000765000000)
 Metaspace       used 67107K, capacity 69882K, committed 70016K, reserved 1110016K
  class space    used 8499K, capacity 8963K, committed 9088K, reserved 1048576K
Event: 1090.241 GC heap after
Heap after GC invocations=28 (full 6):
 PSYoungGen      total 317440K, used 14348K [0x00000007a0000000, 0x00000007b4880000, 0x00000007c0000000)
  eden space 301568K, 0% used [0x00000007a0000000,0x00000007a0000000,0x00000007b2680000)
  from space 15872K, 90% used [0x00000007b3800000,0x00000007b46032e0,0x00000007b4780000)
  to   space 17408K, 0% used [0x00000007b2680000,0x00000007b2680000,0x00000007b3780000)
 ParOldGen       total 81920K, used 34032K [0x0000000760000000, 0x0000000765000000, 0x00000007a0000000)
  object space 81920K, 41% used [0x0000000760000000,0x000000076213c338,0x0000000765000000)
 Metaspace       used 67107K, capacity 69882K, committed 70016K, reserved 1110016K
  class space    used 8499K, capacity 8963K, committed 9088K, reserved 1048576K
}
Event: 1111.673 GC heap before
{Heap before GC invocations=29 (full 6):
 PSYoungGen      total 317440K, used 315806K [0x00000007a0000000, 0x00000007b4880000, 0x00000007c0000000)
  eden space 301568K, 99% used [0x00000007a0000000,0x00000007b2664880,0x00000007b2680000)
  from space 15872K, 90% used [0x00000007b3800000,0x00000007b46032e0,0x00000007b4780000)
  to   space 17408K, 0% used [0x00000007b2680000,0x00000007b2680000,0x00000007b3780000)
 ParOldGen       total 81920K, used 34032K [0x0000000760000000, 0x0000000765000000, 0x00000007a0000000)
  object space 81920K, 41% used [0x0000000760000000,0x000000076213c338,0x0000000765000000)
 Metaspace       used 68090K, capacity 71070K, committed 71296K, reserved 1112064K
  class space    used 8584K, capacity 9075K, committed 9088K, reserved 1048576K
Event: 1111.736 GC heap after
Heap after GC invocations=29 (full 6):
 PSYoungGen      total 318976K, used 9817K [0x00000007a0000000, 0x00000007b5e80000, 0x00000007c0000000)
  eden space 301568K, 0% used [0x00000007a0000000,0x00000007a0000000,0x00000007b2680000)
  from space 17408K, 56% used [0x00000007b2680000,0x00000007b30166b0,0x00000007b3780000)
  to   space 17408K, 0% used [0x00000007b4d80000,0x00000007b4d80000,0x00000007b5e80000)
 ParOldGen       total 81920K, used 34040K [0x0000000760000000, 0x0000000765000000, 0x00000007a0000000)
  object space 81920K, 41% used [0x0000000760000000,0x000000076213e338,0x0000000765000000)
 Metaspace       used 68090K, capacity 71070K, committed 71296K, reserved 1112064K
  class space    used 8584K, capacity 9075K, committed 9088K, reserved 1048576K
}
Event: 1116.365 GC heap before
{Heap before GC invocations=30 (full 6):
 PSYoungGen      total 318976K, used 311385K [0x00000007a0000000, 0x00000007b5e80000, 0x00000007c0000000)
  eden space 301568K, 100% used [0x00000007a0000000,0x00000007b2680000,0x00000007b2680000)
  from space 17408K, 56% used [0x00000007b2680000,0x00000007b30166b0,0x00000007b3780000)
  to   space 17408K, 0% used [0x00000007b4d80000,0x00000007b4d80000,0x00000007b5e80000)
 ParOldGen       total 81920K, used 34040K [0x0000000760000000, 0x0000000765000000, 0x00000007a0000000)
  object space 81920K, 41% used [0x0000000760000000,0x000000076213e338,0x0000000765000000)
 Metaspace       used 68627K, capacity 71694K, committed 71936K, reserved 1112064K
  class space    used 8658K, capacity 9149K, committed 9216K, reserved 1048576K
Event: 1116.616 GC heap after
Heap after GC invocations=30 (full 6):
 PSYoungGen      total 333824K, used 17394K [0x00000007a0000000, 0x00000007b8c80000, 0x00000007c0000000)
  eden space 316416K, 0% used [0x00000007a0000000,0x00000007a0000000,0x00000007b3500000)
  from space 17408K, 99% used [0x00000007b4d80000,0x00000007b5e7c988,0x00000007b5e80000)
  to   space 25088K, 0% used [0x00000007b3500000,0x00000007b3500000,0x00000007b4d80000)
 ParOldGen       total 81920K, used 49250K [0x0000000760000000, 0x0000000765000000, 0x00000007a0000000)
  object space 81920K, 60% used [0x0000000760000000,0x0000000763018a78,0x0000000765000000)
 Metaspace       used 68627K, capacity 71694K, committed 71936K, reserved 1112064K
  class space    used 8658K, capacity 9149K, committed 9216K, reserved 1048576K
}
Event: 1119.590 GC heap before
{Heap before GC invocations=31 (full 6):
 PSYoungGen      total 333824K, used 333810K [0x00000007a0000000, 0x00000007b8c80000, 0x00000007c0000000)
  eden space 316416K, 100% used [0x00000007a0000000,0x00000007b3500000,0x00000007b3500000)
  from space 17408K, 99% used [0x00000007b4d80000,0x00000007b5e7c988,0x00000007b5e80000)
  to   space 25088K, 0% used [0x00000007b3500000,0x00000007b3500000,0x00000007b4d80000)
 ParOldGen       total 81920K, used 49250K [0x0000000760000000, 0x0000000765000000, 0x00000007a0000000)
  object space 81920K, 60% used [0x0000000760000000,0x0000000763018a78,0x0000000765000000)
 Metaspace       used 68848K, capacity 71886K, committed 72192K, reserved 1112064K
  class space    used 8660K, capacity 9149K, committed 9216K, reserved 1048576K
Event: 1119.861 GC heap after
Heap after GC invocations=31 (full 6):
 PSYoungGen      total 341504K, used 25075K [0x00000007a0000000, 0x00000007bd300000, 0x00000007c0000000)
  eden space 316416K, 0% used [0x00000007a0000000,0x00000007a0000000,0x00000007b3500000)
  from space 25088K, 99% used [0x00000007b3500000,0x00000007b4d7cd78,0x00000007b4d80000)
  to   space 41472K, 0% used [0x00000007baa80000,0x00000007baa80000,0x00000007bd300000)
 ParOldGen       total 82944K, used 82801K [0x0000000760000000, 0x0000000765100000, 0x00000007a0000000)
  object space 82944K, 99% used [0x0000000760000000,0x00000007650dc6b8,0x0000000765100000)
 Metaspace       used 68848K, capacity 71886K, committed 72192K, reserved 1112064K
  class space    used 8660K, capacity 9149K, committed 9216K, reserved 1048576K
}
Event: 1119.861 GC heap before
{Heap before GC invocations=32 (full 7):
 PSYoungGen      total 341504K, used 25075K [0x00000007a0000000, 0x00000007bd300000, 0x00000007c0000000)
  eden space 316416K, 0% used [0x00000007a0000000,0x00000007a0000000,0x00000007b3500000)
  from space 25088K, 99% used [0x00000007b3500000,0x00000007b4d7cd78,0x00000007b4d80000)
  to   space 41472K, 0% used [0x00000007baa80000,0x00000007baa80000,0x00000007bd300000)
 ParOldGen       total 82944K, used 82801K [0x0000000760000000, 0x0000000765100000, 0x00000007a0000000)
  object space 82944K, 99% used [0x0000000760000000,0x00000007650dc6b8,0x0000000765100000)
 Metaspace       used 68848K, capacity 71886K, committed 72192K, reserved 1112064K
  class space    used 8660K, capacity 9149K, committed 9216K, reserved 1048576K

Deoptimization events (10 events):
Event: 1113.842 Thread 0x00007f8f652b3000 Uncommon trap: reason=bimorphic action=maybe_recompile pc=0x000000010d3580d0 method=java.util.AbstractList$Itr.next()Ljava/lang/Object; @ 14
Event: 1113.842 Thread 0x00007f8f652b3000 Uncommon trap: reason=bimorphic action=maybe_recompile pc=0x000000010d3580d0 method=java.util.AbstractList$Itr.next()Ljava/lang/Object; @ 14
Event: 1113.891 Thread 0x00007f8f63757000 Uncommon trap: reason=bimorphic action=maybe_recompile pc=0x000000010d19ceb4 method=com.android.dx.rop.code.InsnList.contentEquals(Lcom/android/dx/rop/code/InsnList;)Z @ 38
Event: 1113.893 Thread 0x00007f8f63757000 Uncommon trap: reason=bimorphic action=maybe_recompile pc=0x000000010d19ceb4 method=com.android.dx.rop.code.InsnList.contentEquals(Lcom/android/dx/rop/code/InsnList;)Z @ 38
Event: 1113.920 Thread 0x00007f8f63d77000 Uncommon trap: reason=unstable_if action=reinterpret pc=0x000000010ce3b360 method=com.android.dx.util.IntList.binarysearch(I)I @ 26
Event: 1113.929 Thread 0x00007f8f63d77000 Uncommon trap: reason=unstable_if action=reinterpret pc=0x000000010e58cefc method=com.android.dx.util.IntList.binarysearch(I)I @ 26
Event: 1113.934 Thread 0x00007f8f6371c800 Uncommon trap: reason=unstable_if action=reinterpret pc=0x000000010e2b22c4 method=com.android.dx.cf.code.Ropper.labelToResultIndex(I)I @ 34
Event: 1114.926 Thread 0x00007f8f63333000 Uncommon trap: reason=unstable_if action=reinterpret pc=0x000000010d84a8fc method=java.util.concurrent.ConcurrentHashMap.addCount(JI)V @ 97
Event: 1115.585 Thread 0x00007f8f64a32000 Uncommon trap: reason=unstable_if action=reinterpret pc=0x000000010e5584c4 method=com.android.dx.ssa.SCCP.simulateBranch(Lcom/android/dx/ssa/SsaInsn;)V @ 64
Event: 1119.380 Thread 0x00007f8f63333000 Uncommon trap: reason=unstable_if action=reinterpret pc=0x000000010ec02168 method=java.util.concurrent.ConcurrentHashMap.putVal(Ljava/lang/Object;Ljava/lang/Object;Z)Ljava/lang/Object; @ 331

Internal exceptions (10 events):
Event: 996.079 Thread 0x00007f8f629dc800 Exception <a 'sun/nio/fs/UnixException'> (0x00000007a4f205d8) thrown at [/Volumes/Android_AOSP/AOSP-openjdk/external/jetbrains/jdk/hotspot/src/share/vm/prims/jni.cpp, line 709]
Event: 1008.841 Thread 0x00007f8f629dc800 Exception <a 'java/lang/ClassNotFoundException': asLocalRepo710_36hte8xckiqm0f0ph20486crmBeanInfo> (0x00000007a979cdd0) thrown at [/Volumes/Android_AOSP/AOSP-openjdk/external/jetbrains/jdk/hotspot/src/share/vm/classfile/systemDictionary.cpp, line 210]
Event: 1008.841 Thread 0x00007f8f629dc800 Exception <a 'java/lang/ClassNotFoundException': asLocalRepo710_36hte8xckiqm0f0ph20486crmCustomizer> (0x00000007a97a9128) thrown at [/Volumes/Android_AOSP/AOSP-openjdk/external/jetbrains/jdk/hotspot/src/share/vm/classfile/systemDictionary.cpp, line 210]
Event: 1009.634 Thread 0x00007f8f629dc800 Exception <a 'sun/nio/fs/UnixException'> (0x00000007addec900) thrown at [/Volumes/Android_AOSP/AOSP-openjdk/external/jetbrains/jdk/hotspot/src/share/vm/prims/jni.cpp, line 709]
Event: 1081.078 Thread 0x00007f8f652b3000 Exception <a 'java/lang/ClassNotFoundException': asLocalRepo650_92bglkmj5ia6wxehmkscc811hBeanInfo> (0x00000007a4f5b3c8) thrown at [/Volumes/Android_AOSP/AOSP-openjdk/external/jetbrains/jdk/hotspot/src/share/vm/classfile/systemDictionary.cpp, line 210]
Event: 1081.078 Thread 0x00007f8f652b3000 Exception <a 'java/lang/ClassNotFoundException': asLocalRepo650_92bglkmj5ia6wxehmkscc811hCustomizer> (0x00000007a4f67368) thrown at [/Volumes/Android_AOSP/AOSP-openjdk/external/jetbrains/jdk/hotspot/src/share/vm/classfile/systemDictionary.cpp, line 210]
Event: 1082.386 Thread 0x00007f8f652b3000 Exception <a 'sun/nio/fs/UnixException'> (0x00000007a956a618) thrown at [/Volumes/Android_AOSP/AOSP-openjdk/external/jetbrains/jdk/hotspot/src/share/vm/prims/jni.cpp, line 709]
Event: 1083.992 Thread 0x00007f8f652b3000 Exception <a 'java/lang/ClassNotFoundException': com/android/build/gradle/internal/LibraryCache$1BeanInfo> (0x00000007ab1305f8) thrown at [/Volumes/Android_AOSP/AOSP-openjdk/external/jetbrains/jdk/hotspot/src/share/vm/classfile/systemDictionary.cpp, line 
Event: 1083.993 Thread 0x00007f8f652b3000 Exception <a 'java/lang/ClassNotFoundException': com/android/build/gradle/internal/LibraryCache$1Customizer> (0x00000007ab142558) thrown at [/Volumes/Android_AOSP/AOSP-openjdk/external/jetbrains/jdk/hotspot/src/share/vm/classfile/systemDictionary.cpp, lin
Event: 1109.467 Thread 0x00007f8f652b3000 Implicit null exception at 0x000000010d9d85a3 to 0x000000010d9dbacd

Events (10 events):
Event: 1119.537 Thread 0x00007f8f63333000 DEOPT UNPACKING pc=0x000000010c646f73 sp=0x0000700006235ab8 mode 0
Event: 1119.538 Thread 0x00007f8f63333000 DEOPT PACKING pc=0x000000010dbd8e37 sp=0x0000700006235c40
Event: 1119.538 Thread 0x00007f8f63333000 DEOPT UNPACKING pc=0x000000010c646f73 sp=0x00007000062359f8 mode 0
Event: 1119.547 Thread 0x00007f8f6555b800 DEOPT PACKING pc=0x000000010dbd8ebd sp=0x00007000037baeb0
Event: 1119.547 Thread 0x00007f8f6555b800 DEOPT UNPACKING pc=0x000000010c646f73 sp=0x00007000037bac68 mode 0
Event: 1119.576 Thread 0x00007f8f62e49000 DEOPT PACKING pc=0x000000010dbd8ebd sp=0x000070000643bc70
Event: 1119.576 Thread 0x00007f8f62e49000 DEOPT UNPACKING pc=0x000000010c646f73 sp=0x000070000643ba28 mode 0
Event: 1119.582 Thread 0x00007f8f62e49000 DEOPT PACKING pc=0x000000010dc1eb99 sp=0x000070000643bf40
Event: 1119.582 Thread 0x00007f8f62e49000 DEOPT UNPACKING pc=0x000000010c646f73 sp=0x000070000643bcd0 mode 0
Event: 1119.586 Executing VM operation: ParallelGCFailedAllocation


Dynamic libraries:
0x0000000008453000 	/System/Library/Frameworks/Cocoa.framework/Versions/A/Cocoa
0x0000000008453000 	/System/Library/Frameworks/Security.framework/Versions/A/Security
0x0000000008453000 	/System/Library/Frameworks/ApplicationServices.framework/Versions/A/ApplicationServices
0x0000000008453000 	/usr/lib/libz.1.dylib
0x0000000008453000 	/usr/lib/libSystem.B.dylib
0x0000000008453000 	/usr/lib/libobjc.A.dylib
0x0000000008453000 	/System/Library/Frameworks/Foundation.framework/Versions/C/Foundation
0x0000000008453000 	/System/Library/Frameworks/CoreFoundation.framework/Versions/A/CoreFoundation
0x0000000008453000 	/System/Library/Frameworks/AppKit.framework/Versions/C/AppKit
0x0000000008453000 	/System/Library/Frameworks/CoreData.framework/Versions/A/CoreData
0x0000000008453000 	/System/Library/PrivateFrameworks/RemoteViewServices.framework/Versions/A/RemoteViewServices
0x0000000008453000 	/System/Library/PrivateFrameworks/UIFoundation.framework/Versions/A/UIFoundation
0x0000000008453000 	/usr/lib/libScreenReader.dylib
0x0000000008453000 	/System/Library/Frameworks/Accelerate.framework/Versions/A/Accelerate
0x0000000008453000 	/System/Library/Frameworks/IOSurface.framework/Versions/A/IOSurface
0x0000000008453000 	/System/Library/Frameworks/AudioToolbox.framework/Versions/A/AudioToolbox
0x0000000008453000 	/System/Library/Frameworks/AudioUnit.framework/Versions/A/AudioUnit
0x0000000008453000 	/System/Library/PrivateFrameworks/DataDetectorsCore.framework/Versions/A/DataDetectorsCore
0x0000000008453000 	/System/Library/PrivateFrameworks/DesktopServicesPriv.framework/Versions/A/DesktopServicesPriv
0x0000000008453000 	/System/Library/Frameworks/Carbon.framework/Versions/A/Frameworks/HIToolbox.framework/Versions/A/HIToolbox
0x0000000008453000 	/System/Library/Frameworks/QuartzCore.framework/Versions/A/QuartzCore
0x0000000008453000 	/System/Library/Frameworks/Carbon.framework/Versions/A/Frameworks/SpeechRecognition.framework/Versions/A/SpeechRecognition
0x0000000008453000 	/usr/lib/libauto.dylib
0x0000000008453000 	/usr/lib/libicucore.A.dylib
0x0000000008453000 	/usr/lib/libxml2.2.dylib
0x0000000008453000 	/System/Library/PrivateFrameworks/CoreUI.framework/Versions/A/CoreUI
0x0000000008453000 	/System/Library/Frameworks/CoreAudio.framework/Versions/A/CoreAudio
0x0000000008453000 	/System/Library/Frameworks/DiskArbitration.framework/Versions/A/DiskArbitration
0x0000000008453000 	/usr/lib/liblangid.dylib
0x0000000008453000 	/System/Library/PrivateFrameworks/MultitouchSupport.framework/Versions/A/MultitouchSupport
0x0000000008453000 	/System/Library/Frameworks/IOKit.framework/Versions/A/IOKit
0x0000000008453000 	/usr/lib/libDiagnosticMessagesClient.dylib
0x0000000008453000 	/System/Library/Frameworks/CoreServices.framework/Versions/A/CoreServices
0x0000000008453000 	/System/Library/PrivateFrameworks/PerformanceAnalysis.framework/Versions/A/PerformanceAnalysis
0x0000000008453000 	/System/Library/PrivateFrameworks/GenerationalStorage.framework/Versions/A/GenerationalStorage
0x0000000008453000 	/System/Library/Frameworks/OpenGL.framework/Versions/A/OpenGL
0x0000000008453000 	/System/Library/PrivateFrameworks/Sharing.framework/Versions/A/Sharing
0x0000000008453000 	/System/Library/Frameworks/CoreGraphics.framework/Versions/A/CoreGraphics
0x0000000008453000 	/System/Library/Frameworks/CoreImage.framework/Versions/A/CoreImage
0x0000000008453000 	/System/Library/Frameworks/CoreText.framework/Versions/A/CoreText
0x0000000008453000 	/System/Library/Frameworks/ImageIO.framework/Versions/A/ImageIO
0x0000000008453000 	/System/Library/PrivateFrameworks/Backup.framework/Versions/A/Backup
0x0000000008453000 	/usr/lib/libextension.dylib
0x0000000008453000 	/usr/lib/libarchive.2.dylib
0x0000000008453000 	/System/Library/Frameworks/CFNetwork.framework/Versions/A/CFNetwork
0x0000000008453000 	/System/Library/Frameworks/SystemConfiguration.framework/Versions/A/SystemConfiguration
0x0000000008453000 	/usr/lib/libCRFSuite.dylib
0x0000000008453000 	/usr/lib/libc++.1.dylib
0x0000000008453000 	/usr/lib/libc++abi.dylib
0x0000000008453000 	/usr/lib/system/libcache.dylib
0x0000000008453000 	/usr/lib/system/libcommonCrypto.dylib
0x0000000008453000 	/usr/lib/system/libcompiler_rt.dylib
0x0000000008453000 	/usr/lib/system/libcopyfile.dylib
0x0000000008453000 	/usr/lib/system/libcorecrypto.dylib
0x0000000008453000 	/usr/lib/system/libdispatch.dylib
0x0000000008453000 	/usr/lib/system/libdyld.dylib
0x0000000008453000 	/usr/lib/system/libkeymgr.dylib
0x0000000008453000 	/usr/lib/system/liblaunch.dylib
0x0000000008453000 	/usr/lib/system/libmacho.dylib
0x0000000008453000 	/usr/lib/system/libquarantine.dylib
0x0000000008453000 	/usr/lib/system/libremovefile.dylib
0x0000000008453000 	/usr/lib/system/libsystem_asl.dylib
0x0000000008453000 	/usr/lib/system/libsystem_blocks.dylib
0x0000000008453000 	/usr/lib/system/libsystem_c.dylib
0x0000000008453000 	/usr/lib/system/libsystem_configuration.dylib
0x0000000008453000 	/usr/lib/system/libsystem_coreservices.dylib
0x0000000008453000 	/usr/lib/system/libsystem_coretls.dylib
0x0000000008453000 	/usr/lib/system/libsystem_dnssd.dylib
0x0000000008453000 	/usr/lib/system/libsystem_info.dylib
0x0000000008453000 	/usr/lib/system/libsystem_kernel.dylib
0x0000000008453000 	/usr/lib/system/libsystem_m.dylib
0x0000000008453000 	/usr/lib/system/libsystem_malloc.dylib
0x0000000008453000 	/usr/lib/system/libsystem_network.dylib
0x0000000008453000 	/usr/lib/system/libsystem_networkextension.dylib
0x0000000008453000 	/usr/lib/system/libsystem_notify.dylib
0x0000000008453000 	/usr/lib/system/libsystem_platform.dylib
0x0000000008453000 	/usr/lib/system/libsystem_pthread.dylib
0x0000000008453000 	/usr/lib/system/libsystem_sandbox.dylib
0x0000000008453000 	/usr/lib/system/libsystem_secinit.dylib
0x0000000008453000 	/usr/lib/system/libsystem_trace.dylib
0x0000000008453000 	/usr/lib/system/libunc.dylib
0x0000000008453000 	/usr/lib/system/libunwind.dylib
0x0000000008453000 	/usr/lib/system/libxpc.dylib
0x0000000008453000 	/usr/lib/libenergytrace.dylib
0x0000000008453000 	/usr/lib/libbsm.0.dylib
0x0000000008453000 	/usr/lib/system/libkxld.dylib
0x0000000008453000 	/usr/lib/libxar.1.dylib
0x0000000008453000 	/usr/lib/libsqlite3.dylib
0x0000000008453000 	/usr/lib/libpam.2.dylib
0x0000000008453000 	/usr/lib/libOpenScriptingUtil.dylib
0x0000000008453000 	/usr/lib/libbz2.1.0.dylib
0x0000000008453000 	/usr/lib/liblzma.5.dylib
0x0000000008453000 	/System/Library/Frameworks/CoreServices.framework/Versions/A/Frameworks/FSEvents.framework/Versions/A/FSEvents
0x0000000008453000 	/System/Library/Frameworks/CoreServices.framework/Versions/A/Frameworks/CarbonCore.framework/Versions/A/CarbonCore
0x0000000008453000 	/System/Library/Frameworks/CoreServices.framework/Versions/A/Frameworks/Metadata.framework/Versions/A/Metadata
0x0000000008453000 	/System/Library/Frameworks/CoreServices.framework/Versions/A/Frameworks/OSServices.framework/Versions/A/OSServices
0x0000000008453000 	/System/Library/Frameworks/CoreServices.framework/Versions/A/Frameworks/SearchKit.framework/Versions/A/SearchKit
0x0000000008453000 	/System/Library/Frameworks/CoreServices.framework/Versions/A/Frameworks/AE.framework/Versions/A/AE
0x0000000008453000 	/System/Library/Frameworks/CoreServices.framework/Versions/A/Frameworks/LaunchServices.framework/Versions/A/LaunchServices
0x0000000008453000 	/System/Library/Frameworks/CoreServices.framework/Versions/A/Frameworks/DictionaryServices.framework/Versions/A/DictionaryServices
0x0000000008453000 	/System/Library/Frameworks/CoreServices.framework/Versions/A/Frameworks/SharedFileList.framework/Versions/A/SharedFileList
0x0000000008453000 	/System/Library/Frameworks/NetFS.framework/Versions/A/NetFS
0x0000000008453000 	/System/Library/PrivateFrameworks/NetAuth.framework/Versions/A/NetAuth
0x0000000008453000 	/System/Library/PrivateFrameworks/login.framework/Versions/A/Frameworks/loginsupport.framework/Versions/A/loginsupport
0x0000000008453000 	/System/Library/PrivateFrameworks/TCC.framework/Versions/A/TCC
0x0000000008453000 	/usr/lib/libmecabra.dylib
0x0000000008453000 	/System/Library/Frameworks/ApplicationServices.framework/Versions/A/Frameworks/ATS.framework/Versions/A/ATS
0x0000000008453000 	/System/Library/Frameworks/ApplicationServices.framework/Versions/A/Frameworks/ColorSync.framework/Versions/A/ColorSync
0x0000000008453000 	/System/Library/Frameworks/ApplicationServices.framework/Versions/A/Frameworks/HIServices.framework/Versions/A/HIServices
0x0000000008453000 	/System/Library/Frameworks/ApplicationServices.framework/Versions/A/Frameworks/LangAnalysis.framework/Versions/A/LangAnalysis
0x0000000008453000 	/System/Library/Frameworks/ApplicationServices.framework/Versions/A/Frameworks/PrintCore.framework/Versions/A/PrintCore
0x0000000008453000 	/System/Library/Frameworks/ApplicationServices.framework/Versions/A/Frameworks/QD.framework/Versions/A/QD
0x0000000008453000 	/System/Library/Frameworks/ApplicationServices.framework/Versions/A/Frameworks/SpeechSynthesis.framework/Versions/A/SpeechSynthesis
0x0000000008453000 	/System/Library/Frameworks/Metal.framework/Versions/A/Metal
0x0000000008453000 	/System/Library/Frameworks/Accelerate.framework/Versions/A/Frameworks/vImage.framework/Versions/A/vImage
0x0000000008453000 	/System/Library/Frameworks/Accelerate.framework/Versions/A/Frameworks/vecLib.framework/Versions/A/vecLib
0x0000000008453000 	/System/Library/Frameworks/Accelerate.framework/Versions/A/Frameworks/vecLib.framework/Versions/A/libvDSP.dylib
0x0000000008453000 	/System/Library/Frameworks/Accelerate.framework/Versions/A/Frameworks/vecLib.framework/Versions/A/libvMisc.dylib
0x0000000008453000 	/System/Library/Frameworks/Accelerate.framework/Versions/A/Frameworks/vecLib.framework/Versions/A/libLAPACK.dylib
0x0000000008453000 	/System/Library/Frameworks/Accelerate.framework/Versions/A/Frameworks/vecLib.framework/Versions/A/libBLAS.dylib
0x0000000008453000 	/System/Library/Frameworks/Accelerate.framework/Versions/A/Frameworks/vecLib.framework/Versions/A/libLinearAlgebra.dylib
0x0000000008453000 	/System/Library/Frameworks/Accelerate.framework/Versions/A/Frameworks/vecLib.framework/Versions/A/libSparseBLAS.dylib
0x0000000008453000 	/System/Library/PrivateFrameworks/GPUCompiler.framework/libmetal_timestamp.dylib
0x0000000008453000 	/System/Library/Frameworks/OpenGL.framework/Versions/A/Libraries/libCoreFSCache.dylib
0x0000000008453000 	/System/Library/PrivateFrameworks/IOAccelerator.framework/Versions/A/IOAccelerator
0x0000000008453000 	/System/Library/Frameworks/ApplicationServices.framework/Versions/A/Frameworks/ATS.framework/Versions/A/Resources/libFontParser.dylib
0x0000000008453000 	/System/Library/Frameworks/ApplicationServices.framework/Versions/A/Frameworks/ATS.framework/Versions/A/Resources/libFontRegistry.dylib
0x0000000008453000 	/System/Library/PrivateFrameworks/AppleVPA.framework/Versions/A/AppleVPA
0x0000000008453000 	/System/Library/PrivateFrameworks/AppleJPEG.framework/Versions/A/AppleJPEG
0x0000000008453000 	/System/Library/Frameworks/ImageIO.framework/Versions/A/Resources/libJPEG.dylib
0x0000000008453000 	/System/Library/Frameworks/ImageIO.framework/Versions/A/Resources/libTIFF.dylib
0x0000000008453000 	/System/Library/Frameworks/ImageIO.framework/Versions/A/Resources/libPng.dylib
0x0000000008453000 	/System/Library/Frameworks/ImageIO.framework/Versions/A/Resources/libGIF.dylib
0x0000000008453000 	/System/Library/Frameworks/ImageIO.framework/Versions/A/Resources/libJP2.dylib
0x0000000008453000 	/System/Library/Frameworks/ImageIO.framework/Versions/A/Resources/libRadiance.dylib
0x0000000008453000 	/System/Library/Frameworks/CoreVideo.framework/Versions/A/CoreVideo
0x0000000008453000 	/System/Library/Frameworks/OpenGL.framework/Versions/A/Libraries/libGLU.dylib
0x0000000008453000 	/System/Library/Frameworks/OpenGL.framework/Versions/A/Libraries/libGFXShared.dylib
0x0000000008453000 	/System/Library/Frameworks/OpenGL.framework/Versions/A/Libraries/libGL.dylib
0x0000000008453000 	/System/Library/Frameworks/OpenGL.framework/Versions/A/Libraries/libGLImage.dylib
0x0000000008453000 	/System/Library/Frameworks/OpenGL.framework/Versions/A/Libraries/libCVMSPluginSupport.dylib
0x0000000008453000 	/System/Library/Frameworks/OpenGL.framework/Versions/A/Libraries/libCoreVMClient.dylib
0x0000000008453000 	/usr/lib/libcompression.dylib
0x0000000008453000 	/usr/lib/libcups.2.dylib
0x0000000008453000 	/System/Library/Frameworks/Kerberos.framework/Versions/A/Kerberos
0x0000000008453000 	/System/Library/Frameworks/GSS.framework/Versions/A/GSS
0x0000000008453000 	/usr/lib/libresolv.9.dylib
0x0000000008453000 	/usr/lib/libiconv.2.dylib
0x0000000008453000 	/System/Library/PrivateFrameworks/Heimdal.framework/Versions/A/Heimdal
0x0000000008453000 	/usr/lib/libheimdal-asn1.dylib
0x0000000008453000 	/System/Library/Frameworks/OpenDirectory.framework/Versions/A/OpenDirectory
0x0000000008453000 	/System/Library/PrivateFrameworks/CommonAuth.framework/Versions/A/CommonAuth
0x0000000008453000 	/System/Library/Frameworks/OpenDirectory.framework/Versions/A/Frameworks/CFOpenDirectory.framework/Versions/A/CFOpenDirectory
0x0000000008453000 	/System/Library/Frameworks/SecurityFoundation.framework/Versions/A/SecurityFoundation
0x0000000008453000 	/System/Library/PrivateFrameworks/LanguageModeling.framework/Versions/A/LanguageModeling
0x0000000008453000 	/usr/lib/libmarisa.dylib
0x0000000008453000 	/usr/lib/libChineseTokenizer.dylib
0x0000000008453000 	/usr/lib/libcmph.dylib
0x0000000008453000 	/System/Library/Frameworks/ServiceManagement.framework/Versions/A/ServiceManagement
0x0000000008453000 	/usr/lib/libxslt.1.dylib
0x0000000008453000 	/System/Library/Frameworks/Carbon.framework/Versions/A/Frameworks/Ink.framework/Versions/A/Ink
0x0000000008453000 	/usr/lib/libFosl_dynamic.dylib
0x0000000008453000 	/System/Library/PrivateFrameworks/FaceCore.framework/Versions/A/FaceCore
0x0000000008453000 	/System/Library/Frameworks/OpenCL.framework/Versions/A/OpenCL
0x0000000008453000 	/System/Library/PrivateFrameworks/CrashReporterSupport.framework/Versions/A/CrashReporterSupport
0x0000000008453000 	/System/Library/PrivateFrameworks/IconServices.framework/Versions/A/IconServices
0x0000000008453000 	/System/Library/PrivateFrameworks/Apple80211.framework/Versions/A/Apple80211
0x0000000008453000 	/System/Library/Frameworks/CoreWLAN.framework/Versions/A/CoreWLAN
0x0000000008453000 	/System/Library/Frameworks/IOBluetooth.framework/Versions/A/IOBluetooth
0x0000000008453000 	/System/Library/PrivateFrameworks/CoreWiFi.framework/Versions/A/CoreWiFi
0x0000000008453000 	/System/Library/Frameworks/CoreBluetooth.framework/Versions/A/CoreBluetooth
0x0000000008453000 	/System/Library/PrivateFrameworks/ChunkingLibrary.framework/Versions/A/ChunkingLibrary
0x0000000008453000 	/System/Library/PrivateFrameworks/DebugSymbols.framework/Versions/A/DebugSymbols
0x0000000008453000 	/System/Library/PrivateFrameworks/CoreSymbolication.framework/Versions/A/CoreSymbolication
0x0000000008453000 	/System/Library/PrivateFrameworks/Symbolication.framework/Versions/A/Symbolication
0x0000000008453000 	/System/Library/PrivateFrameworks/SpeechRecognitionCore.framework/Versions/A/SpeechRecognitionCore
0x0000000050c89000 	/System/Library/CoreServices/Encodings/libJapaneseConverter.dylib
0x000000010b5db000 	/Applications/Android Studio.app/Contents/jre/jdk/Contents/Home/jre/lib/server/libjvm.dylib
0x0000000008453000 	/usr/lib/libstdc++.6.dylib
0x000000010c0d5000 	/Applications/Android Studio.app/Contents/jre/jdk/Contents/Home/jre/lib/libverify.dylib
0x000000010c0e2000 	/Applications/Android Studio.app/Contents/jre/jdk/Contents/Home/jre/lib/libjava.dylib
0x000000010c121000 	/Applications/Android Studio.app/Contents/jre/jdk/Contents/Home/jre/lib/libzip.dylib
0x00000001205a2000 	/System/Library/Frameworks/JavaVM.framework/Frameworks/JavaRuntimeSupport.framework/JavaRuntimeSupport
0x00000001205bd000 	/System/Library/Frameworks/JavaVM.framework/Versions/A/Frameworks/JavaNativeFoundation.framework/Versions/A/JavaNativeFoundation
0x000000010c1ec000 	/System/Library/Frameworks/JavaVM.framework/Versions/A/JavaVM
0x0000000008453000 	/System/Library/Frameworks/Carbon.framework/Versions/A/Carbon
0x00000001205d2000 	/System/Library/PrivateFrameworks/JavaLaunching.framework/Versions/A/JavaLaunching
0x0000000008453000 	/System/Library/Frameworks/Carbon.framework/Versions/A/Frameworks/CommonPanels.framework/Versions/A/CommonPanels
0x0000000008453000 	/System/Library/Frameworks/Carbon.framework/Versions/A/Frameworks/Help.framework/Versions/A/Help
0x0000000008453000 	/System/Library/Frameworks/Carbon.framework/Versions/A/Frameworks/ImageCapture.framework/Versions/A/ImageCapture
0x0000000008453000 	/System/Library/Frameworks/Carbon.framework/Versions/A/Frameworks/OpenScripting.framework/Versions/A/OpenScripting
0x0000000008453000 	/System/Library/Frameworks/Carbon.framework/Versions/A/Frameworks/Print.framework/Versions/A/Print
0x0000000008453000 	/System/Library/Frameworks/Carbon.framework/Versions/A/Frameworks/SecurityHI.framework/Versions/A/SecurityHI
0x0000000122315000 	/Applications/Android Studio.app/Contents/jre/jdk/Contents/Home/jre/lib/libnet.dylib
0x000000012232c000 	/Applications/Android Studio.app/Contents/jre/jdk/Contents/Home/jre/lib/libnio.dylib
0x000000012233c000 	/Users/kitada/.gradle/native/19/osx-amd64/libnative-platform.dylib
0x00000001225d8000 	/Applications/Android Studio.app/Contents/jre/jdk/Contents/Home/jre/lib/libmanagement.dylib

VM Arguments:
jvm_args: -Xmx1536m -Dfile.encoding=UTF-8 -Duser.country=JP -Duser.language=ja -Duser.variant 
java_command: org.gradle.launcher.daemon.bootstrap.GradleDaemon 2.14.1
java_class_path (initial): /Users/kitada/.gradle/wrapper/dists/gradle-2.14.1-all/8bnwg5hd3w55iofp58khbp6yv/gradle-2.14.1/lib/gradle-launcher-2.14.1.jar
Launcher Type: SUN_STANDARD

Environment Variables:
PATH=/usr/bin:/bin:/usr/sbin:/sbin
SHELL=/bin/bash

Signal Handlers:
SIGSEGV: [libjvm.dylib+0x57e9cd], sa_mask[0]=11111111011111110111111111111111, sa_flags=SA_ONSTACK|SA_RESTART|SA_SIGINFO
SIGBUS: [libjvm.dylib+0x57e9cd], sa_mask[0]=11111111011111110111111111111111, sa_flags=SA_RESTART|SA_SIGINFO
SIGFPE: [libjvm.dylib+0x45951c], sa_mask[0]=11111111011111110111111111111111, sa_flags=SA_RESTART|SA_SIGINFO
SIGPIPE: [libjvm.dylib+0x45951c], sa_mask[0]=11111111011111110111111111111111, sa_flags=SA_RESTART|SA_SIGINFO
SIGXFSZ: [libjvm.dylib+0x45951c], sa_mask[0]=11111111011111110111111111111111, sa_flags=SA_RESTART|SA_SIGINFO
SIGILL: [libjvm.dylib+0x45951c], sa_mask[0]=11111111011111110111111111111111, sa_flags=SA_RESTART|SA_SIGINFO
SIGUSR1: SIG_DFL, sa_mask[0]=00000000000000000000000000000000, sa_flags=none
SIGUSR2: [libjvm.dylib+0x45903a], sa_mask[0]=00100000000000000000000000000000, sa_flags=SA_RESTART|SA_SIGINFO
SIGHUP: [libjvm.dylib+0x457611], sa_mask[0]=11111111011111110111111111111111, sa_flags=SA_RESTART|SA_SIGINFO
SIGINT: [libjvm.dylib+0x457611], sa_mask[0]=11111111011111110111111111111111, sa_flags=SA_RESTART|SA_SIGINFO
SIGTERM: [libjvm.dylib+0x457611], sa_mask[0]=11111111011111110111111111111111, sa_flags=SA_RESTART|SA_SIGINFO
SIGQUIT: [libjvm.dylib+0x457611], sa_mask[0]=11111111011111110111111111111111, sa_flags=SA_RESTART|SA_SIGINFO


---------------  S Y S T E M  ---------------

OS:Bsduname:Darwin 15.6.0 Darwin Kernel Version 15.6.0: Thu Sep  1 15:01:16 PDT 2016; root:xnu-3248.60.11~2/RELEASE_X86_64 x86_64
rlimit: STACK 8192k, CORE 0k, NPROC 709, NOFILE 10240, AS infinity
load average:22.20 9.56 8.57

CPU:total 2 (2 cores per cpu, 1 threads per core) family 6 model 23 stepping 6, cmov, cx8, fxsr, mmx, sse, sse2, sse3, ssse3, sse4.1, tsc

Memory: 4k page, physical 8388608k(732348k free)

/proc/meminfo:


vm_info: OpenJDK 64-Bit Server VM (25.112-b05) for bsd-amd64 JRE (1.8.0_112-release-b05), built on Sep 26 2016 14:04:06 by "builder" with gcc 4.2.1 (Based on Apple Inc. build 5658) (LLVM build 2336.11.00)

time: Sun Feb 19 09:33:55 2017
elapsed time: 1120 seconds (0d 0h 18m 40s)

